<?xml version="1.0" encoding="UTF-8"?>
<!-- Generated by org.testng.reporters.JUnitReportReporter -->
<testsuite hostname="DESKTOP-GCTD6C5" failures="0" tests="1" name="org.jk.runner.CucumberRunnerIT" time="0.151" errors="0" timestamp="2024-06-11T11:29:19 PKT" skipped="0">
  <testcase classname="org.jk.runner.CucumberRunnerIT" name="runScenario" time="0.151"/>
</testsuite> <!-- org.jk.runner.CucumberRunnerIT -->
